<?xml version="1.0" encoding="UTF-8"?>
<!-- Generated by org.testng.reporters.JUnitReportReporter -->
<testsuite hostname="LAPTOP-CDU0EB2F" failures="0" tests="1" name="Request.A_Create_Booking_POST" time="0.027" errors="0" timestamp="2025-04-05T23:23:47 IST" skipped="0">
  <testcase classname="Request.A_Create_Booking_POST" name="createnewbooking" time="0.027"/>
</testsuite> <!-- Request.A_Create_Booking_POST -->
