<?xml version="1.0" encoding="UTF-8"?>
<!-- Generated by org.testng.reporters.JUnitReportReporter -->
<testsuite hostname="LAPTOP-CDU0EB2F" failures="0" tests="5" name="Runner.Test_Runner" time="8.418" errors="0" timestamp="2025-04-07T23:12:52 IST" skipped="0">
  <testcase classname="Runner.Test_Runner" name="createbooking" time="2.098"/>
  <testcase classname="Runner.Test_Runner" name="getbooking" time="2.034"/>
  <testcase classname="Runner.Test_Runner" name="updatebooking" time="1.457"/>
  <testcase classname="Runner.Test_Runner" name="partialupdatebooking" time="1.529"/>
  <testcase classname="Runner.Test_Runner" name="deletebooking" time="1.300"/>
</testsuite> <!-- Runner.Test_Runner -->
