<?xml version="1.0" encoding="UTF-8"?>
<!-- Generated by org.testng.reporters.JUnitReportReporter -->
<testsuite hostname="LAPTOP-CDU0EB2F" failures="0" tests="5" name="Runner.Test_Runner" time="16.754" errors="0" timestamp="2025-04-07T23:40:14 IST" skipped="0">
  <testcase classname="Runner.Test_Runner" name="createbooking" time="1.331"/>
  <testcase classname="Runner.Test_Runner" name="getbooking" time="1.192"/>
  <testcase classname="Runner.Test_Runner" name="updatebooking" time="1.663"/>
  <testcase classname="Runner.Test_Runner" name="partialupdatebooking" time="1.565"/>
  <testcase classname="Runner.Test_Runner" name="deletebooking" time="11.003"/>
</testsuite> <!-- Runner.Test_Runner -->
